mode: set
github.com/kpgriffith/bookings/cmd/web/main.go:23.13,25.16 2 0
github.com/kpgriffith/bookings/cmd/web/main.go:25.16,27.3 1 0
github.com/kpgriffith/bookings/cmd/web/main.go:29.2,36.16 4 0
github.com/kpgriffith/bookings/cmd/web/main.go:36.16,38.3 1 0
github.com/kpgriffith/bookings/cmd/web/main.go:41.18,56.16 10 1
github.com/kpgriffith/bookings/cmd/web/main.go:56.16,58.3 1 0
github.com/kpgriffith/bookings/cmd/web/main.go:59.2,67.12 6 1
github.com/kpgriffith/bookings/cmd/web/middleware.go:10.53,11.71 1 1
github.com/kpgriffith/bookings/cmd/web/middleware.go:11.71,14.3 2 0
github.com/kpgriffith/bookings/cmd/web/middleware.go:18.45,29.2 3 1
github.com/kpgriffith/bookings/cmd/web/middleware.go:32.50,34.2 1 1
github.com/kpgriffith/bookings/cmd/web/routes.go:12.49,37.2 18 1
