mode: set
github.com/kpgriffith/bookings/internal/forms/errors.go:6.44,8.2 1 1
github.com/kpgriffith/bookings/internal/forms/errors.go:11.42,13.18 2 0
github.com/kpgriffith/bookings/internal/forms/errors.go:13.18,15.3 1 0
github.com/kpgriffith/bookings/internal/forms/errors.go:16.2,16.14 1 0
github.com/kpgriffith/bookings/internal/forms/forms.go:18.33,23.2 1 1
github.com/kpgriffith/bookings/internal/forms/forms.go:26.43,27.31 1 1
github.com/kpgriffith/bookings/internal/forms/forms.go:27.31,29.33 2 1
github.com/kpgriffith/bookings/internal/forms/forms.go:29.33,31.4 1 1
github.com/kpgriffith/bookings/internal/forms/forms.go:36.39,39.13 2 1
github.com/kpgriffith/bookings/internal/forms/forms.go:39.13,41.3 1 1
github.com/kpgriffith/bookings/internal/forms/forms.go:42.2,42.13 1 1
github.com/kpgriffith/bookings/internal/forms/forms.go:46.57,48.21 2 1
github.com/kpgriffith/bookings/internal/forms/forms.go:48.21,51.3 2 1
github.com/kpgriffith/bookings/internal/forms/forms.go:52.2,52.13 1 1
github.com/kpgriffith/bookings/internal/forms/forms.go:56.29,58.2 1 1
github.com/kpgriffith/bookings/internal/forms/forms.go:61.38,62.40 1 1
github.com/kpgriffith/bookings/internal/forms/forms.go:62.40,64.3 1 1
