mode: set
github.com/kpgriffith/bookings/internal/handlers/handlers.go:24.47,28.2 1 1
github.com/kpgriffith/bookings/internal/handlers/handlers.go:31.33,33.2 1 1
github.com/kpgriffith/bookings/internal/handlers/handlers.go:36.67,40.2 3 1
github.com/kpgriffith/bookings/internal/handlers/handlers.go:43.68,53.2 5 1
github.com/kpgriffith/bookings/internal/handlers/handlers.go:56.74,66.2 4 1
github.com/kpgriffith/bookings/internal/handlers/handlers.go:69.78,71.16 2 1
github.com/kpgriffith/bookings/internal/handlers/handlers.go:71.16,74.3 2 0
github.com/kpgriffith/bookings/internal/handlers/handlers.go:75.2,87.19 6 1
github.com/kpgriffith/bookings/internal/handlers/handlers.go:87.19,95.3 4 0
github.com/kpgriffith/bookings/internal/handlers/handlers.go:98.2,99.66 2 1
github.com/kpgriffith/bookings/internal/handlers/handlers.go:103.71,105.2 1 1
github.com/kpgriffith/bookings/internal/handlers/handlers.go:108.69,110.2 1 1
github.com/kpgriffith/bookings/internal/handlers/handlers.go:113.75,115.2 1 1
github.com/kpgriffith/bookings/internal/handlers/handlers.go:118.79,122.2 3 1
github.com/kpgriffith/bookings/internal/handlers/handlers.go:130.79,136.16 3 1
github.com/kpgriffith/bookings/internal/handlers/handlers.go:136.16,138.3 1 0
github.com/kpgriffith/bookings/internal/handlers/handlers.go:139.2,140.14 2 1
github.com/kpgriffith/bookings/internal/handlers/handlers.go:144.70,146.2 1 1
github.com/kpgriffith/bookings/internal/handlers/handlers.go:148.81,150.9 2 1
github.com/kpgriffith/bookings/internal/handlers/handlers.go:150.9,154.3 3 1
github.com/kpgriffith/bookings/internal/handlers/handlers.go:156.2,162.4 4 0
